<?xml version="1.0" encoding="UTF-8"?>
<Site BuildName="(empty)"
	BuildStamp="20241209-0503-Experimental"
	Name="Peppe-MSI"
	Generator="ctest-3.22.1"
	CompilerName="/usr/bin/c++"
	CompilerVersion="11.4.0"
	OSName="Linux"
	Hostname="Peppe-MSI"
	OSRelease="5.15.153.1-microsoft-standard-WSL2"
	OSVersion="#1 SMP Fri Mar 29 23:14:13 UTC 2024"
	OSPlatform="x86_64"
	Is64Bits="1"
	VendorString="GenuineIntel"
	VendorID="Intel Corporation"
	FamilyID="6"
	ModelID="183"
	ProcessorCacheSize="36864"
	NumberOfLogicalCPU="32"
	NumberOfPhysicalCPU="16"
	TotalVirtualMemory="4096"
	TotalPhysicalMemory="15843"
	LogicalProcessorsPerPhysical="2"
	ProcessorClockFrequency="2419.11"
	>
	<Testing>
		<StartDateTime>Dec 09 08:17 CET</StartDateTime>
		<StartTestTime>1733728630</StartTestTime>
		<TestList/>
		<EndDateTime>Dec 09 08:17 CET</EndDateTime>
		<EndTestTime>1733728630</EndTestTime>
		<ElapsedMinutes>0</ElapsedMinutes>
	</Testing>
</Site>
