[0.018s] Invoking command in '/home/pepperumo/bumperbot_ws/build/bumperbot_controller': /usr/bin/cmake --build /home/pepperumo/bumperbot_ws/build/bumperbot_controller -- -j32 -l32
[0.033s] -- Found ament_cmake: 1.3.11 (/opt/ros/humble/share/ament_cmake/cmake)
[0.101s] -- Found rclcpp: 16.0.11 (/opt/ros/humble/share/rclcpp/cmake)
[0.325s] -- Found rosidl_generator_c: 3.1.6 (/opt/ros/humble/share/rosidl_generator_c/cmake)
[0.326s] -- Found rosidl_adapter: 3.1.6 (/opt/ros/humble/share/rosidl_adapter/cmake)
[0.330s] -- Found rosidl_generator_cpp: 3.1.6 (/opt/ros/humble/share/rosidl_generator_cpp/cmake)
[0.334s] -- Using all available rosidl_typesupport_c: rosidl_typesupport_fastrtps_c;rosidl_typesupport_introspection_c
[0.340s] -- Using all available rosidl_typesupport_cpp: rosidl_typesupport_fastrtps_cpp;rosidl_typesupport_introspection_cpp
[0.405s] -- Found rmw_implementation_cmake: 6.1.2 (/opt/ros/humble/share/rmw_implementation_cmake/cmake)
[0.406s] -- Found rmw_fastrtps_cpp: 6.2.7 (/opt/ros/humble/share/rmw_fastrtps_cpp/cmake)
[6.122s] -- Using RMW implementation 'rmw_fastrtps_cpp' as default
[6.145s] -- Found rclpy: 3.3.15 (/opt/ros/humble/share/rclpy/cmake)
[6.145s] -- Found geometry_msgs: 4.2.4 (/opt/ros/humble/share/geometry_msgs/cmake)
[6.151s] -- Found sensor_msgs: 4.2.4 (/opt/ros/humble/share/sensor_msgs/cmake)
[6.159s] -- Found nav_msgs: 4.2.4 (/opt/ros/humble/share/nav_msgs/cmake)
[6.166s] -- Found tf2_ros: 0.25.9 (/opt/ros/humble/share/tf2_ros/cmake)
[6.235s] Error parsing '/home/pepperumo/bumperbot_ws/src/bumperbot_controller/package.xml':
[6.257s] Traceback (most recent call last):
[6.257s]   File "/opt/ros/humble/share/ament_cmake_core/cmake/core/package_xml_2_cmake.py", line 150, in <module>
[6.257s]     main()
[6.257s]   File "/opt/ros/humble/share/ament_cmake_core/cmake/core/package_xml_2_cmake.py", line 53, in main
[6.257s]     raise e
[6.257s]   File "/opt/ros/humble/share/ament_cmake_core/cmake/core/package_xml_2_cmake.py", line 49, in main
[6.257s]     package = parse_package_string(
[6.257s]   File "/usr/lib/python3/dist-packages/catkin_pkg/package.py", line 788, in parse_package_string
[6.257s]     pkg.validate(warnings=warnings)
[6.257s]   File "/usr/lib/python3/dist-packages/catkin_pkg/package.py", line 330, in validate
[6.257s]     raise InvalidPackage('\n'.join(errors), self.filename)
[6.257s] catkin_pkg.package.InvalidPackage: Error(s) in package '/home/pepperumo/bumperbot_ws/src/bumperbot_controller/package.xml':
[6.257s] Invalid email "" for person ""
[6.257s] Maintainers must have an email address
[6.257s] Invalid email "" for person ""
[6.265s] [31mCMake Error at /opt/ros/humble/share/ament_cmake_core/cmake/core/ament_package_xml.cmake:95 (message):
[6.265s]   execute_process(/usr/bin/python3
[6.265s]   /opt/ros/humble/share/ament_cmake_core/cmake/core/package_xml_2_cmake.py
[6.265s]   /home/pepperumo/bumperbot_ws/src/bumperbot_controller/package.xml
[6.265s]   /home/pepperumo/bumperbot_ws/build/bumperbot_controller/ament_cmake_core/package.cmake)
[6.265s]   returned error code 1
[6.265s] Call Stack (most recent call first):
[6.265s]   /opt/ros/humble/share/ament_cmake_core/cmake/core/ament_package_xml.cmake:49 (_ament_package_xml)
[6.265s]   /opt/ros/humble/share/ament_cmake_python/cmake/ament_python_install_package.cmake:60 (ament_package_xml)
[6.265s]   /opt/ros/humble/share/ament_cmake_python/cmake/ament_python_install_package.cmake:39 (_ament_cmake_python_install_package)
[6.265s]   CMakeLists.txt:31 (ament_python_install_package)
[6.265s] 
[6.265s] [0m
[6.265s] -- Configuring incomplete, errors occurred!
[6.265s] See also "/home/pepperumo/bumperbot_ws/build/bumperbot_controller/CMakeFiles/CMakeOutput.log".
[6.269s] gmake: *** [Makefile:295: cmake_check_build_system] Error 1
[6.270s] Invoked command in '/home/pepperumo/bumperbot_ws/build/bumperbot_controller' returned '2': /usr/bin/cmake --build /home/pepperumo/bumperbot_ws/build/bumperbot_controller -- -j32 -l32
